# JRE version: OpenJDK Runtime Environment (17.0.11) (build 17.0.11+0--11852314)
# Java VM: OpenJDK 64-Bit Server VM (17.0.11+0--11852314, mixed mode, tiered, compressed oops, compressed class ptrs, g1 gc, windows-amd64)
GC Precious Log:
 CPUs: 4 total, 4 available
 Memory: 7571M
 Large Page Support: Disabled
 NUMA Support: Disabled
 Compressed Oops: Enabled (32-bit)
 Heap Region Size: 1M
 Heap Min Capacity: 8M
 Heap Initial Capacity: 120M
 Heap Max Capacity: 1894M
 Pre-touch: Disabled
 Parallel Workers: 4
 Concurrent Workers: 1
 Concurrent Refinement Workers: 4
 Periodic GC: Disabled
Heap:
 garbage-first heap   total 122880K, used 56562K [0x0000000089a00000, 0x0000000100000000)
  region size 1024K, 2 young (2048K), 2 survivors (2048K)
 Metaspace       used 62130K, committed 62400K, reserved 1114112K
  class space    used 7014K, committed 7168K, reserved 1048576K
GC Heap History (20 events):
Event: 6.610 GC heap after
{Heap after GC invocations=15 (full 0):
 garbage-first heap   total 72704K, used 32935K [0x0000000089a00000, 0x0000000100000000)
  region size 1024K, 3 young (3072K), 3 survivors (3072K)
 Metaspace       used 51576K, committed 51776K, reserved 1114112K
  class space    used 6202K, committed 6272K, reserved 1048576K
}
Event: 7.113 GC heap before
{Heap before GC invocations=15 (full 0):
 garbage-first heap   total 72704K, used 56487K [0x0000000089a00000, 0x0000000100000000)
  region size 1024K, 26 young (26624K), 3 survivors (3072K)
 Metaspace       used 52555K, committed 52800K, reserved 1114112K
  class space    used 6308K, committed 6400K, reserved 1048576K
}
Event: 7.130 GC heap after
{Heap after GC invocations=16 (full 0):
 garbage-first heap   total 72704K, used 36256K [0x0000000089a00000, 0x0000000100000000)
  region size 1024K, 4 young (4096K), 4 survivors (4096K)
 Metaspace       used 52555K, committed 52800K, reserved 1114112K
  class space    used 6308K, committed 6400K, reserved 1048576K
}
Event: 8.203 GC heap before
{Heap before GC invocations=16 (full 0):
 garbage-first heap   total 72704K, used 56736K [0x0000000089a00000, 0x0000000100000000)
  region size 1024K, 24 young (24576K), 4 survivors (4096K)
 Metaspace       used 53893K, committed 54080K, reserved 1114112K
  class space    used 6367K, committed 6464K, reserved 1048576K
}
Event: 8.228 GC heap after
{Heap after GC invocations=17 (full 0):
 garbage-first heap   total 72704K, used 40098K [0x0000000089a00000, 0x0000000100000000)
  region size 1024K, 3 young (3072K), 3 survivors (3072K)
 Metaspace       used 53893K, committed 54080K, reserved 1114112K
  class space    used 6367K, committed 6464K, reserved 1048576K
}
Event: 8.683 GC heap before
{Heap before GC invocations=18 (full 0):
 garbage-first heap   total 73728K, used 56482K [0x0000000089a00000, 0x0000000100000000)
  region size 1024K, 19 young (19456K), 3 survivors (3072K)
 Metaspace       used 54551K, committed 54784K, reserved 1114112K
  class space    used 6442K, committed 6528K, reserved 1048576K
}
Event: 8.700 GC heap after
{Heap after GC invocations=19 (full 0):
 garbage-first heap   total 73728K, used 43401K [0x0000000089a00000, 0x0000000100000000)
  region size 1024K, 3 young (3072K), 3 survivors (3072K)
 Metaspace       used 54551K, committed 54784K, reserved 1114112K
  class space    used 6442K, committed 6528K, reserved 1048576K
}
Event: 9.549 GC heap before
{Heap before GC invocations=19 (full 0):
 garbage-first heap   total 73728K, used 57737K [0x0000000089a00000, 0x0000000100000000)
  region size 1024K, 17 young (17408K), 3 survivors (3072K)
 Metaspace       used 55540K, committed 55808K, reserved 1114112K
  class space    used 6535K, committed 6656K, reserved 1048576K
}
Event: 9.564 GC heap after
{Heap after GC invocations=20 (full 0):
 garbage-first heap   total 102400K, used 45641K [0x0000000089a00000, 0x0000000100000000)
  region size 1024K, 3 young (3072K), 3 survivors (3072K)
 Metaspace       used 55540K, committed 55808K, reserved 1114112K
  class space    used 6535K, committed 6656K, reserved 1048576K
}
Event: 11.085 GC heap before
{Heap before GC invocations=21 (full 0):
 garbage-first heap   total 102400K, used 76361K [0x0000000089a00000, 0x0000000100000000)
  region size 1024K, 33 young (33792K), 3 survivors (3072K)
 Metaspace       used 58465K, committed 58752K, reserved 1114112K
  class space    used 6814K, committed 6912K, reserved 1048576K
}
Event: 11.107 GC heap after
{Heap after GC invocations=22 (full 0):
 garbage-first heap   total 102400K, used 49667K [0x0000000089a00000, 0x0000000100000000)
  region size 1024K, 5 young (5120K), 5 survivors (5120K)
 Metaspace       used 58465K, committed 58752K, reserved 1114112K
  class space    used 6814K, committed 6912K, reserved 1048576K
}
Event: 11.214 GC heap before
{Heap before GC invocations=22 (full 0):
 garbage-first heap   total 102400K, used 50691K [0x0000000089a00000, 0x0000000100000000)
  region size 1024K, 6 young (6144K), 5 survivors (5120K)
 Metaspace       used 58571K, committed 58816K, reserved 1114112K
  class space    used 6814K, committed 6912K, reserved 1048576K
}
Event: 11.233 GC heap after
{Heap after GC invocations=23 (full 0):
 garbage-first heap   total 102400K, used 49676K [0x0000000089a00000, 0x0000000100000000)
  region size 1024K, 1 young (1024K), 1 survivors (1024K)
 Metaspace       used 58571K, committed 58816K, reserved 1114112K
  class space    used 6814K, committed 6912K, reserved 1048576K
}
Event: 13.031 GC heap before
{Heap before GC invocations=23 (full 0):
 garbage-first heap   total 102400K, used 78348K [0x0000000089a00000, 0x0000000100000000)
  region size 1024K, 29 young (29696K), 1 survivors (1024K)
 Metaspace       used 59853K, committed 60224K, reserved 1114112K
  class space    used 6860K, committed 7040K, reserved 1048576K
}
Event: 13.046 GC heap after
{Heap after GC invocations=24 (full 0):
 garbage-first heap   total 102400K, used 51886K [0x0000000089a00000, 0x0000000100000000)
  region size 1024K, 3 young (3072K), 3 survivors (3072K)
 Metaspace       used 59853K, committed 60224K, reserved 1114112K
  class space    used 6860K, committed 7040K, reserved 1048576K
}
Event: 14.564 GC heap before
{Heap before GC invocations=25 (full 0):
 garbage-first heap   total 102400K, used 80558K [0x0000000089a00000, 0x0000000100000000)
  region size 1024K, 31 young (31744K), 3 survivors (3072K)
 Metaspace       used 60655K, committed 60928K, reserved 1114112K
  class space    used 6891K, committed 7040K, reserved 1048576K
}
Event: 14.585 GC heap after
{Heap after GC invocations=26 (full 0):
 garbage-first heap   total 102400K, used 55228K [0x0000000089a00000, 0x0000000100000000)
  region size 1024K, 4 young (4096K), 4 survivors (4096K)
 Metaspace       used 60655K, committed 60928K, reserved 1114112K
  class space    used 6891K, committed 7040K, reserved 1048576K
}
Event: 14.608 GC heap before
{Heap before GC invocations=26 (full 0):
 garbage-first heap   total 102400K, used 56252K [0x0000000089a00000, 0x0000000100000000)
  region size 1024K, 5 young (5120K), 4 survivors (4096K)
 Metaspace       used 60712K, committed 60992K, reserved 1114112K
  class space    used 6897K, committed 7040K, reserved 1048576K
}
Event: 14.621 GC heap after
{Heap after GC invocations=27 (full 0):
 garbage-first heap   total 102400K, used 55092K [0x0000000089a00000, 0x0000000100000000)
  region size 1024K, 1 young (1024K), 1 survivors (1024K)
 Metaspace       used 60712K, committed 60992K, reserved 1114112K
  class space    used 6897K, committed 7040K, reserved 1048576K
}
Event: 15.615 GC heap before
{Heap before GC invocations=27 (full 0):
 garbage-first heap   total 102400K, used 80692K [0x0000000089a00000, 0x0000000100000000)
  region size 1024K, 26 young (26624K), 1 survivors (1024K)
 Metaspace       used 62130K, committed 62400K, reserved 1114112K
  class space    used 7014K, committed 7168K, reserved 1048576K
}

