# JRE version: OpenJDK Runtime Environment (17.0.11) (build 17.0.11+0--11852314)
# Java VM: OpenJDK 64-Bit Server VM (17.0.11+0--11852314, mixed mode, tiered, compressed oops, compressed class ptrs, g1 gc, windows-amd64)
GC Precious Log:
 CPUs: 4 total, 4 available
 Memory: 7571M
 Large Page Support: Disabled
 NUMA Support: Disabled
 Compressed Oops: Enabled (Zero based)
 Heap Region Size: 2M
 Heap Min Capacity: 8M
 Heap Initial Capacity: 120M
 Heap Max Capacity: 4G
 Pre-touch: Disabled
 Parallel Workers: 4
 Concurrent Workers: 1
 Concurrent Refinement Workers: 4
 Periodic GC: Disabled
Heap:
 garbage-first heap   total 235520K, used 125097K [0x0000000700000000, 0x0000000800000000)
  region size 2048K, 1 young (2048K), 1 survivors (2048K)
 Metaspace       used 113389K, committed 114368K, reserved 1179648K
  class space    used 15507K, committed 16000K, reserved 1048576K
GC Heap History (20 events):
Event: 22.148 GC heap after
{Heap after GC invocations=28 (full 0):
 garbage-first heap   total 231424K, used 92435K [0x0000000700000000, 0x0000000800000000)
  region size 2048K, 3 young (6144K), 3 survivors (6144K)
 Metaspace       used 89780K, committed 90432K, reserved 1179648K
  class space    used 12443K, committed 12736K, reserved 1048576K
}
Event: 24.046 GC heap before
{Heap before GC invocations=28 (full 0):
 garbage-first heap   total 231424K, used 178451K [0x0000000700000000, 0x0000000800000000)
  region size 2048K, 45 young (92160K), 3 survivors (6144K)
 Metaspace       used 97260K, committed 97920K, reserved 1179648K
  class space    used 13516K, committed 13824K, reserved 1048576K
}
Event: 24.062 GC heap after
{Heap after GC invocations=29 (full 0):
 garbage-first heap   total 231424K, used 96480K [0x0000000700000000, 0x0000000800000000)
  region size 2048K, 5 young (10240K), 5 survivors (10240K)
 Metaspace       used 97260K, committed 97920K, reserved 1179648K
  class space    used 13516K, committed 13824K, reserved 1048576K
}
Event: 26.674 GC heap before
{Heap before GC invocations=29 (full 0):
 garbage-first heap   total 231424K, used 184544K [0x0000000700000000, 0x0000000800000000)
  region size 2048K, 48 young (98304K), 5 survivors (10240K)
 Metaspace       used 100255K, committed 100928K, reserved 1179648K
  class space    used 13955K, committed 14272K, reserved 1048576K
}
Event: 26.698 GC heap after
{Heap after GC invocations=30 (full 0):
 garbage-first heap   total 231424K, used 103589K [0x0000000700000000, 0x0000000800000000)
  region size 2048K, 6 young (12288K), 6 survivors (12288K)
 Metaspace       used 100255K, committed 100928K, reserved 1179648K
  class space    used 13955K, committed 14272K, reserved 1048576K
}
Event: 28.979 GC heap before
{Heap before GC invocations=30 (full 0):
 garbage-first heap   total 231424K, used 183461K [0x0000000700000000, 0x0000000800000000)
  region size 2048K, 46 young (94208K), 6 survivors (12288K)
 Metaspace       used 104136K, committed 104832K, reserved 1179648K
  class space    used 14353K, committed 14720K, reserved 1048576K
}
Event: 29.004 GC heap after
{Heap after GC invocations=31 (full 0):
 garbage-first heap   total 231424K, used 108779K [0x0000000700000000, 0x0000000800000000)
  region size 2048K, 4 young (8192K), 4 survivors (8192K)
 Metaspace       used 104136K, committed 104832K, reserved 1179648K
  class space    used 14353K, committed 14720K, reserved 1048576K
}
Event: 34.931 GC heap before
{Heap before GC invocations=31 (full 0):
 garbage-first heap   total 231424K, used 182507K [0x0000000700000000, 0x0000000800000000)
  region size 2048K, 41 young (83968K), 4 survivors (8192K)
 Metaspace       used 107648K, committed 108352K, reserved 1179648K
  class space    used 14804K, committed 15168K, reserved 1048576K
}
Event: 34.954 GC heap after
{Heap after GC invocations=32 (full 0):
 garbage-first heap   total 231424K, used 113250K [0x0000000700000000, 0x0000000800000000)
  region size 2048K, 4 young (8192K), 4 survivors (8192K)
 Metaspace       used 107648K, committed 108352K, reserved 1179648K
  class space    used 14804K, committed 15168K, reserved 1048576K
}
Event: 720.714 GC heap before
{Heap before GC invocations=32 (full 0):
 garbage-first heap   total 231424K, used 184930K [0x0000000700000000, 0x0000000800000000)
  region size 2048K, 40 young (81920K), 4 survivors (8192K)
 Metaspace       used 111957K, committed 112896K, reserved 1179648K
  class space    used 15432K, committed 15936K, reserved 1048576K
}
Event: 720.731 GC heap after
{Heap after GC invocations=33 (full 0):
 garbage-first heap   total 231424K, used 116053K [0x0000000700000000, 0x0000000800000000)
  region size 2048K, 2 young (4096K), 2 survivors (4096K)
 Metaspace       used 111957K, committed 112896K, reserved 1179648K
  class space    used 15432K, committed 15936K, reserved 1048576K
}
Event: 832.660 GC heap before
{Heap before GC invocations=34 (full 0):
 garbage-first heap   total 231424K, used 189781K [0x0000000700000000, 0x0000000800000000)
  region size 2048K, 38 young (77824K), 2 survivors (4096K)
 Metaspace       used 112725K, committed 113664K, reserved 1179648K
  class space    used 15470K, committed 15936K, reserved 1048576K
}
Event: 832.682 GC heap after
{Heap after GC invocations=35 (full 0):
 garbage-first heap   total 231424K, used 124545K [0x0000000700000000, 0x0000000800000000)
  region size 2048K, 5 young (10240K), 5 survivors (10240K)
 Metaspace       used 112725K, committed 113664K, reserved 1179648K
  class space    used 15470K, committed 15936K, reserved 1048576K
}
Event: 832.756 GC heap before
{Heap before GC invocations=35 (full 0):
 garbage-first heap   total 231424K, used 126593K [0x0000000700000000, 0x0000000800000000)
  region size 2048K, 6 young (12288K), 5 survivors (10240K)
 Metaspace       used 112751K, committed 113728K, reserved 1179648K
  class space    used 15472K, committed 15936K, reserved 1048576K
}
Event: 832.790 GC heap after
{Heap after GC invocations=36 (full 0):
 garbage-first heap   total 231424K, used 122964K [0x0000000700000000, 0x0000000800000000)
  region size 2048K, 1 young (2048K), 1 survivors (2048K)
 Metaspace       used 112751K, committed 113728K, reserved 1179648K
  class space    used 15472K, committed 15936K, reserved 1048576K
}
Event: 1092.376 GC heap before
{Heap before GC invocations=36 (full 0):
 garbage-first heap   total 231424K, used 184404K [0x0000000700000000, 0x0000000800000000)
  region size 2048K, 32 young (65536K), 1 survivors (2048K)
 Metaspace       used 113093K, committed 114112K, reserved 1179648K
  class space    used 15498K, committed 16000K, reserved 1048576K
}
Event: 1092.386 GC heap after
{Heap after GC invocations=37 (full 0):
 garbage-first heap   total 231424K, used 125657K [0x0000000700000000, 0x0000000800000000)
  region size 2048K, 2 young (4096K), 2 survivors (4096K)
 Metaspace       used 113093K, committed 114112K, reserved 1179648K
  class space    used 15498K, committed 16000K, reserved 1048576K
}
Event: 1094.121 GC heap before
{Heap before GC invocations=38 (full 0):
 garbage-first heap   total 235520K, used 187097K [0x0000000700000000, 0x0000000800000000)
  region size 2048K, 33 young (67584K), 2 survivors (4096K)
 Metaspace       used 113371K, committed 114304K, reserved 1179648K
  class space    used 15507K, committed 16000K, reserved 1048576K
}
Event: 1094.143 GC heap after
{Heap after GC invocations=39 (full 0):
 garbage-first heap   total 235520K, used 132717K [0x0000000700000000, 0x0000000800000000)
  region size 2048K, 5 young (10240K), 5 survivors (10240K)
 Metaspace       used 113371K, committed 114304K, reserved 1179648K
  class space    used 15507K, committed 16000K, reserved 1048576K
}
Event: 1094.255 GC heap before
{Heap before GC invocations=39 (full 0):
 garbage-first heap   total 235520K, used 132717K [0x0000000700000000, 0x0000000800000000)
  region size 2048K, 6 young (12288K), 5 survivors (10240K)
 Metaspace       used 113389K, committed 114368K, reserved 1179648K
  class space    used 15507K, committed 16000K, reserved 1048576K
}

