# JRE version: OpenJDK Runtime Environment (17.0.11) (build 17.0.11+0--11852314)
# Java VM: OpenJDK 64-Bit Server VM (17.0.11+0--11852314, mixed mode, tiered, compressed oops, compressed class ptrs, g1 gc, windows-amd64)
GC Precious Log:
 CPUs: 4 total, 4 available
 Memory: 7571M
 Large Page Support: Disabled
 NUMA Support: Disabled
 Compressed Oops: Enabled (Zero based)
 Heap Region Size: 2M
 Heap Min Capacity: 8M
 Heap Initial Capacity: 120M
 Heap Max Capacity: 4G
 Pre-touch: Disabled
 Parallel Workers: 4
 Concurrent Workers: 1
 Concurrent Refinement Workers: 4
 Periodic GC: Disabled
Heap:
 garbage-first heap   total 176128K, used 98709K [0x0000000700000000, 0x0000000800000000)
  region size 2048K, 3 young (6144K), 3 survivors (6144K)
 Metaspace       used 103460K, committed 104192K, reserved 1179648K
  class space    used 14325K, committed 14656K, reserved 1048576K
GC Heap History (20 events):
Event: 21.807 GC heap after
{Heap after GC invocations=26 (full 0):
 garbage-first heap   total 141312K, used 75204K [0x0000000700000000, 0x0000000800000000)
  region size 2048K, 1 young (2048K), 1 survivors (2048K)
 Metaspace       used 74396K, committed 75008K, reserved 1114112K
  class space    used 10056K, committed 10304K, reserved 1048576K
}
Event: 22.553 GC heap before
{Heap before GC invocations=26 (full 0):
 garbage-first heap   total 141312K, used 110020K [0x0000000700000000, 0x0000000800000000)
  region size 2048K, 18 young (36864K), 1 survivors (2048K)
 Metaspace       used 76832K, committed 77440K, reserved 1179648K
  class space    used 10363K, committed 10624K, reserved 1048576K
}
Event: 22.558 GC heap after
{Heap after GC invocations=27 (full 0):
 garbage-first heap   total 141312K, used 76869K [0x0000000700000000, 0x0000000800000000)
  region size 2048K, 1 young (2048K), 1 survivors (2048K)
 Metaspace       used 76832K, committed 77440K, reserved 1179648K
  class space    used 10363K, committed 10624K, reserved 1048576K
}
Event: 23.604 GC heap before
{Heap before GC invocations=28 (full 0):
 garbage-first heap   total 143360K, used 117829K [0x0000000700000000, 0x0000000800000000)
  region size 2048K, 19 young (38912K), 1 survivors (2048K)
 Metaspace       used 80459K, committed 81024K, reserved 1179648K
  class space    used 10893K, committed 11136K, reserved 1048576K
}
Event: 23.612 GC heap after
{Heap after GC invocations=29 (full 0):
 garbage-first heap   total 143360K, used 83534K [0x0000000700000000, 0x0000000800000000)
  region size 2048K, 3 young (6144K), 3 survivors (6144K)
 Metaspace       used 80459K, committed 81024K, reserved 1179648K
  class space    used 10893K, committed 11136K, reserved 1048576K
}
Event: 23.652 GC heap before
{Heap before GC invocations=29 (full 0):
 garbage-first heap   total 143360K, used 85582K [0x0000000700000000, 0x0000000800000000)
  region size 2048K, 4 young (8192K), 3 survivors (6144K)
 Metaspace       used 80663K, committed 81216K, reserved 1179648K
  class space    used 10919K, committed 11200K, reserved 1048576K
}
Event: 23.662 GC heap after
{Heap after GC invocations=30 (full 0):
 garbage-first heap   total 176128K, used 83489K [0x0000000700000000, 0x0000000800000000)
  region size 2048K, 1 young (2048K), 1 survivors (2048K)
 Metaspace       used 80663K, committed 81216K, reserved 1179648K
  class space    used 10919K, committed 11200K, reserved 1048576K
}
Event: 25.277 GC heap before
{Heap before GC invocations=30 (full 0):
 garbage-first heap   total 176128K, used 140833K [0x0000000700000000, 0x0000000800000000)
  region size 2048K, 29 young (59392K), 1 survivors (2048K)
 Metaspace       used 85740K, committed 86400K, reserved 1179648K
  class space    used 11611K, committed 11904K, reserved 1048576K
}
Event: 25.285 GC heap after
{Heap after GC invocations=31 (full 0):
 garbage-first heap   total 176128K, used 85650K [0x0000000700000000, 0x0000000800000000)
  region size 2048K, 2 young (4096K), 2 survivors (4096K)
 Metaspace       used 85740K, committed 86400K, reserved 1179648K
  class space    used 11611K, committed 11904K, reserved 1048576K
}
Event: 26.535 GC heap before
{Heap before GC invocations=32 (full 0):
 garbage-first heap   total 176128K, used 142994K [0x0000000700000000, 0x0000000800000000)
  region size 2048K, 30 young (61440K), 2 survivors (4096K)
 Metaspace       used 87793K, committed 88384K, reserved 1179648K
  class space    used 11888K, committed 12160K, reserved 1048576K
}
Event: 26.549 GC heap after
{Heap after GC invocations=33 (full 0):
 garbage-first heap   total 176128K, used 89869K [0x0000000700000000, 0x0000000800000000)
  region size 2048K, 4 young (8192K), 4 survivors (8192K)
 Metaspace       used 87793K, committed 88384K, reserved 1179648K
  class space    used 11888K, committed 12160K, reserved 1048576K
}
Event: 26.604 GC heap before
{Heap before GC invocations=33 (full 0):
 garbage-first heap   total 176128K, used 91917K [0x0000000700000000, 0x0000000800000000)
  region size 2048K, 5 young (10240K), 4 survivors (8192K)
 Metaspace       used 87950K, committed 88512K, reserved 1179648K
  class space    used 11913K, committed 12160K, reserved 1048576K
}
Event: 26.625 GC heap after
{Heap after GC invocations=34 (full 0):
 garbage-first heap   total 176128K, used 89891K [0x0000000700000000, 0x0000000800000000)
  region size 2048K, 1 young (2048K), 1 survivors (2048K)
 Metaspace       used 87950K, committed 88512K, reserved 1179648K
  class space    used 11913K, committed 12160K, reserved 1048576K
}
Event: 28.050 GC heap before
{Heap before GC invocations=34 (full 0):
 garbage-first heap   total 176128K, used 141091K [0x0000000700000000, 0x0000000800000000)
  region size 2048K, 27 young (55296K), 1 survivors (2048K)
 Metaspace       used 91651K, committed 92288K, reserved 1179648K
  class space    used 12601K, committed 12864K, reserved 1048576K
}
Event: 28.056 GC heap after
{Heap after GC invocations=35 (full 0):
 garbage-first heap   total 176128K, used 91078K [0x0000000700000000, 0x0000000800000000)
  region size 2048K, 1 young (2048K), 1 survivors (2048K)
 Metaspace       used 91651K, committed 92288K, reserved 1179648K
  class space    used 12601K, committed 12864K, reserved 1048576K
}
Event: 29.293 GC heap before
{Heap before GC invocations=35 (full 0):
 garbage-first heap   total 176128K, used 142278K [0x0000000700000000, 0x0000000800000000)
  region size 2048K, 27 young (55296K), 1 survivors (2048K)
 Metaspace       used 95248K, committed 95872K, reserved 1179648K
  class space    used 13148K, committed 13440K, reserved 1048576K
}
Event: 29.304 GC heap after
{Heap after GC invocations=36 (full 0):
 garbage-first heap   total 176128K, used 93374K [0x0000000700000000, 0x0000000800000000)
  region size 2048K, 3 young (6144K), 3 survivors (6144K)
 Metaspace       used 95248K, committed 95872K, reserved 1179648K
  class space    used 13148K, committed 13440K, reserved 1048576K
}
Event: 30.700 GC heap before
{Heap before GC invocations=36 (full 0):
 garbage-first heap   total 176128K, used 144574K [0x0000000700000000, 0x0000000800000000)
  region size 2048K, 28 young (57344K), 3 survivors (6144K)
 Metaspace       used 99066K, committed 99776K, reserved 1179648K
  class space    used 13718K, committed 14080K, reserved 1048576K
}
Event: 30.715 GC heap after
{Heap after GC invocations=37 (full 0):
 garbage-first heap   total 176128K, used 96185K [0x0000000700000000, 0x0000000800000000)
  region size 2048K, 3 young (6144K), 3 survivors (6144K)
 Metaspace       used 99066K, committed 99776K, reserved 1179648K
  class space    used 13718K, committed 14080K, reserved 1048576K
}
Event: 32.078 GC heap before
{Heap before GC invocations=37 (full 0):
 garbage-first heap   total 176128K, used 143289K [0x0000000700000000, 0x0000000800000000)
  region size 2048K, 27 young (55296K), 3 survivors (6144K)
 Metaspace       used 103460K, committed 104192K, reserved 1179648K
  class space    used 14325K, committed 14656K, reserved 1048576K
}

