# JRE version: OpenJDK Runtime Environment (17.0.11) (build 17.0.11+0--11852314)
# Java VM: OpenJDK 64-Bit Server VM (17.0.11+0--11852314, mixed mode, tiered, compressed oops, compressed class ptrs, g1 gc, windows-amd64)
GC Precious Log:
 CPUs: 4 total, 4 available
 Memory: 7571M
 Large Page Support: Disabled
 NUMA Support: Disabled
 Compressed Oops: Enabled (32-bit)
 Heap Region Size: 1M
 Heap Min Capacity: 8M
 Heap Initial Capacity: 120M
 Heap Max Capacity: 1894M
 Pre-touch: Disabled
 Parallel Workers: 4
 Concurrent Workers: 1
 Concurrent Refinement Workers: 4
 Periodic GC: Disabled
Heap:
 garbage-first heap   total 145408K, used 79340K [0x0000000089a00000, 0x0000000100000000)
  region size 1024K, 4 young (4096K), 4 survivors (4096K)
 Metaspace       used 86644K, committed 87040K, reserved 1179648K
  class space    used 9359K, committed 9536K, reserved 1048576K
GC Heap History (20 events):
Event: 11.278 GC heap after
{Heap after GC invocations=16 (full 0):
 garbage-first heap   total 120832K, used 44395K [0x0000000089a00000, 0x0000000100000000)
  region size 1024K, 8 young (8192K), 8 survivors (8192K)
 Metaspace       used 56274K, committed 56512K, reserved 1114112K
  class space    used 6604K, committed 6720K, reserved 1048576K
}
Event: 12.693 GC heap before
{Heap before GC invocations=16 (full 0):
 garbage-first heap   total 120832K, used 71019K [0x0000000089a00000, 0x0000000100000000)
  region size 1024K, 35 young (35840K), 8 survivors (8192K)
 Metaspace       used 58394K, committed 58688K, reserved 1114112K
  class space    used 6810K, committed 6976K, reserved 1048576K
}
Event: 12.718 GC heap after
{Heap after GC invocations=17 (full 0):
 garbage-first heap   total 120832K, used 48585K [0x0000000089a00000, 0x0000000100000000)
  region size 1024K, 4 young (4096K), 4 survivors (4096K)
 Metaspace       used 58394K, committed 58688K, reserved 1114112K
  class space    used 6810K, committed 6976K, reserved 1048576K
}
Event: 15.354 GC heap before
{Heap before GC invocations=18 (full 0):
 garbage-first heap   total 120832K, used 90569K [0x0000000089a00000, 0x0000000100000000)
  region size 1024K, 45 young (46080K), 4 survivors (4096K)
 Metaspace       used 60191K, committed 60480K, reserved 1114112K
  class space    used 6885K, committed 7040K, reserved 1048576K
}
Event: 15.387 GC heap after
{Heap after GC invocations=19 (full 0):
 garbage-first heap   total 120832K, used 53045K [0x0000000089a00000, 0x0000000100000000)
  region size 1024K, 5 young (5120K), 5 survivors (5120K)
 Metaspace       used 60191K, committed 60480K, reserved 1114112K
  class space    used 6885K, committed 7040K, reserved 1048576K
}
Event: 15.408 GC heap before
{Heap before GC invocations=19 (full 0):
 garbage-first heap   total 120832K, used 54069K [0x0000000089a00000, 0x0000000100000000)
  region size 1024K, 6 young (6144K), 5 survivors (5120K)
 Metaspace       used 60193K, committed 60480K, reserved 1114112K
  class space    used 6885K, committed 7040K, reserved 1048576K
}
Event: 15.430 GC heap after
{Heap after GC invocations=20 (full 0):
 garbage-first heap   total 145408K, used 53065K [0x0000000089a00000, 0x0000000100000000)
  region size 1024K, 1 young (1024K), 1 survivors (1024K)
 Metaspace       used 60193K, committed 60480K, reserved 1114112K
  class space    used 6885K, committed 7040K, reserved 1048576K
}
Event: 18.208 GC heap before
{Heap before GC invocations=20 (full 0):
 garbage-first heap   total 145408K, used 111433K [0x0000000089a00000, 0x0000000100000000)
  region size 1024K, 58 young (59392K), 1 survivors (1024K)
 Metaspace       used 66757K, committed 67072K, reserved 1114112K
  class space    used 7504K, committed 7680K, reserved 1048576K
}
Event: 18.225 GC heap after
{Heap after GC invocations=21 (full 0):
 garbage-first heap   total 145408K, used 57630K [0x0000000089a00000, 0x0000000100000000)
  region size 1024K, 6 young (6144K), 6 survivors (6144K)
 Metaspace       used 66757K, committed 67072K, reserved 1114112K
  class space    used 7504K, committed 7680K, reserved 1048576K
}
Event: 21.757 GC heap before
{Heap before GC invocations=21 (full 0):
 garbage-first heap   total 145408K, used 111902K [0x0000000089a00000, 0x0000000100000000)
  region size 1024K, 59 young (60416K), 6 survivors (6144K)
 Metaspace       used 70655K, committed 70976K, reserved 1114112K
  class space    used 7926K, committed 8064K, reserved 1048576K
}
Event: 21.794 GC heap after
{Heap after GC invocations=22 (full 0):
 garbage-first heap   total 145408K, used 66735K [0x0000000089a00000, 0x0000000100000000)
  region size 1024K, 8 young (8192K), 8 survivors (8192K)
 Metaspace       used 70655K, committed 70976K, reserved 1114112K
  class space    used 7926K, committed 8064K, reserved 1048576K
}
Event: 24.041 GC heap before
{Heap before GC invocations=22 (full 0):
 garbage-first heap   total 145408K, used 111791K [0x0000000089a00000, 0x0000000100000000)
  region size 1024K, 52 young (53248K), 8 survivors (8192K)
 Metaspace       used 78782K, committed 79168K, reserved 1179648K
  class space    used 8803K, committed 8960K, reserved 1048576K
}
Event: 24.068 GC heap after
{Heap after GC invocations=23 (full 0):
 garbage-first heap   total 145408K, used 71270K [0x0000000089a00000, 0x0000000100000000)
  region size 1024K, 4 young (4096K), 4 survivors (4096K)
 Metaspace       used 78782K, committed 79168K, reserved 1179648K
  class space    used 8803K, committed 8960K, reserved 1048576K
}
Event: 27.735 GC heap before
{Heap before GC invocations=23 (full 0):
 garbage-first heap   total 145408K, used 114278K [0x0000000089a00000, 0x0000000100000000)
  region size 1024K, 46 young (47104K), 4 survivors (4096K)
 Metaspace       used 84043K, committed 84416K, reserved 1179648K
  class space    used 9223K, committed 9408K, reserved 1048576K
}
Event: 27.765 GC heap after
{Heap after GC invocations=24 (full 0):
 garbage-first heap   total 145408K, used 75317K [0x0000000089a00000, 0x0000000100000000)
  region size 1024K, 4 young (4096K), 4 survivors (4096K)
 Metaspace       used 84043K, committed 84416K, reserved 1179648K
  class space    used 9223K, committed 9408K, reserved 1048576K
}
Event: 29.426 GC heap before
{Heap before GC invocations=25 (full 0):
 garbage-first heap   total 145408K, used 116277K [0x0000000089a00000, 0x0000000100000000)
  region size 1024K, 44 young (45056K), 4 survivors (4096K)
 Metaspace       used 86146K, committed 86592K, reserved 1179648K
  class space    used 9339K, committed 9536K, reserved 1048576K
}
Event: 29.448 GC heap after
{Heap after GC invocations=26 (full 0):
 garbage-first heap   total 145408K, used 77660K [0x0000000089a00000, 0x0000000100000000)
  region size 1024K, 6 young (6144K), 6 survivors (6144K)
 Metaspace       used 86146K, committed 86592K, reserved 1179648K
  class space    used 9339K, committed 9536K, reserved 1048576K
}
Event: 29.488 GC heap before
{Heap before GC invocations=26 (full 0):
 garbage-first heap   total 145408K, used 78684K [0x0000000089a00000, 0x0000000100000000)
  region size 1024K, 7 young (7168K), 6 survivors (6144K)
 Metaspace       used 86162K, committed 86592K, reserved 1179648K
  class space    used 9339K, committed 9536K, reserved 1048576K
}
Event: 29.514 GC heap after
{Heap after GC invocations=27 (full 0):
 garbage-first heap   total 145408K, used 76969K [0x0000000089a00000, 0x0000000100000000)
  region size 1024K, 1 young (1024K), 1 survivors (1024K)
 Metaspace       used 86162K, committed 86592K, reserved 1179648K
  class space    used 9339K, committed 9536K, reserved 1048576K
}
Event: 30.480 GC heap before
{Heap before GC invocations=27 (full 0):
 garbage-first heap   total 145408K, used 116905K [0x0000000089a00000, 0x0000000100000000)
  region size 1024K, 40 young (40960K), 1 survivors (1024K)
 Metaspace       used 86644K, committed 87040K, reserved 1179648K
  class space    used 9359K, committed 9536K, reserved 1048576K
}

