# JRE version: OpenJDK Runtime Environment (17.0.11) (build 17.0.11+0--11852314)
# Java VM: OpenJDK 64-Bit Server VM (17.0.11+0--11852314, mixed mode, tiered, compressed oops, compressed class ptrs, g1 gc, windows-amd64)
GC Precious Log:
 CPUs: 4 total, 4 available
 Memory: 7571M
 Large Page Support: Disabled
 NUMA Support: Disabled
 Compressed Oops: Enabled (Zero based)
 Heap Region Size: 2M
 Heap Min Capacity: 8M
 Heap Initial Capacity: 120M
 Heap Max Capacity: 4G
 Pre-touch: Disabled
 Parallel Workers: 4
 Concurrent Workers: 1
 Concurrent Refinement Workers: 4
 Periodic GC: Disabled
Heap:
 garbage-first heap   total 1005568K, used 450132K [0x0000000700000000, 0x0000000800000000)
  region size 2048K, 29 young (59392K), 29 survivors (59392K)
 Metaspace       used 132447K, committed 133376K, reserved 1179648K
  class space    used 18165K, committed 18624K, reserved 1048576K
GC Heap History (20 events):
Event: 155.596 GC heap after
{Heap after GC invocations=99 (full 0):
 garbage-first heap   total 872448K, used 363258K [0x0000000700000000, 0x0000000800000000)
  region size 2048K, 16 young (32768K), 16 survivors (32768K)
 Metaspace       used 131730K, committed 132672K, reserved 1179648K
  class space    used 18100K, committed 18560K, reserved 1048576K
}
Event: 158.295 GC heap before
{Heap before GC invocations=99 (full 0):
 garbage-first heap   total 872448K, used 750330K [0x0000000700000000, 0x0000000800000000)
  region size 2048K, 203 young (415744K), 16 survivors (32768K)
 Metaspace       used 131776K, committed 132736K, reserved 1179648K
  class space    used 18100K, committed 18560K, reserved 1048576K
}
Event: 158.378 GC heap after
{Heap after GC invocations=100 (full 0):
 garbage-first heap   total 872448K, used 370238K [0x0000000700000000, 0x0000000800000000)
  region size 2048K, 19 young (38912K), 19 survivors (38912K)
 Metaspace       used 131776K, committed 132736K, reserved 1179648K
  class space    used 18100K, committed 18560K, reserved 1048576K
}
Event: 159.712 GC heap before
{Heap before GC invocations=100 (full 0):
 garbage-first heap   total 872448K, used 747070K [0x0000000700000000, 0x0000000800000000)
  region size 2048K, 201 young (411648K), 19 survivors (38912K)
 Metaspace       used 131784K, committed 132736K, reserved 1179648K
  class space    used 18100K, committed 18560K, reserved 1048576K
}
Event: 159.779 GC heap after
{Heap after GC invocations=101 (full 0):
 garbage-first heap   total 872448K, used 375465K [0x0000000700000000, 0x0000000800000000)
  region size 2048K, 9 young (18432K), 9 survivors (18432K)
 Metaspace       used 131784K, committed 132736K, reserved 1179648K
  class space    used 18100K, committed 18560K, reserved 1048576K
}
Event: 161.064 GC heap before
{Heap before GC invocations=101 (full 0):
 garbage-first heap   total 872448K, used 758441K [0x0000000700000000, 0x0000000800000000)
  region size 2048K, 193 young (395264K), 9 survivors (18432K)
 Metaspace       used 131856K, committed 132800K, reserved 1179648K
  class space    used 18101K, committed 18560K, reserved 1048576K
}
Event: 161.108 GC heap after
{Heap after GC invocations=102 (full 0):
 garbage-first heap   total 872448K, used 378537K [0x0000000700000000, 0x0000000800000000)
  region size 2048K, 12 young (24576K), 12 survivors (24576K)
 Metaspace       used 131856K, committed 132800K, reserved 1179648K
  class space    used 18101K, committed 18560K, reserved 1048576K
}
Event: 161.873 GC heap before
{Heap before GC invocations=102 (full 0):
 garbage-first heap   total 872448K, used 743081K [0x0000000700000000, 0x0000000800000000)
  region size 2048K, 190 young (389120K), 12 survivors (24576K)
 Metaspace       used 131860K, committed 132800K, reserved 1179648K
  class space    used 18101K, committed 18560K, reserved 1048576K
}
Event: 161.910 GC heap after
{Heap after GC invocations=103 (full 0):
 garbage-first heap   total 872448K, used 377513K [0x0000000700000000, 0x0000000800000000)
  region size 2048K, 12 young (24576K), 12 survivors (24576K)
 Metaspace       used 131860K, committed 132800K, reserved 1179648K
  class space    used 18101K, committed 18560K, reserved 1048576K
}
Event: 162.726 GC heap before
{Heap before GC invocations=103 (full 0):
 garbage-first heap   total 872448K, used 750249K [0x0000000700000000, 0x0000000800000000)
  region size 2048K, 194 young (397312K), 12 survivors (24576K)
 Metaspace       used 131878K, committed 132800K, reserved 1179648K
  class space    used 18101K, committed 18560K, reserved 1048576K
}
Event: 162.764 GC heap after
{Heap after GC invocations=104 (full 0):
 garbage-first heap   total 1005568K, used 373417K [0x0000000700000000, 0x0000000800000000)
  region size 2048K, 10 young (20480K), 10 survivors (20480K)
 Metaspace       used 131878K, committed 132800K, reserved 1179648K
  class space    used 18101K, committed 18560K, reserved 1048576K
}
Event: 164.348 GC heap before
{Heap before GC invocations=104 (full 0):
 garbage-first heap   total 1005568K, used 864937K [0x0000000700000000, 0x0000000800000000)
  region size 2048K, 250 young (512000K), 10 survivors (20480K)
 Metaspace       used 131948K, committed 132864K, reserved 1179648K
  class space    used 18103K, committed 18560K, reserved 1048576K
}
Event: 164.382 GC heap after
{Heap after GC invocations=105 (full 0):
 garbage-first heap   total 1005568K, used 370345K [0x0000000700000000, 0x0000000800000000)
  region size 2048K, 8 young (16384K), 8 survivors (16384K)
 Metaspace       used 131948K, committed 132864K, reserved 1179648K
  class space    used 18103K, committed 18560K, reserved 1048576K
}
Event: 165.665 GC heap before
{Heap before GC invocations=105 (full 0):
 garbage-first heap   total 1005568K, used 870057K [0x0000000700000000, 0x0000000800000000)
  region size 2048K, 252 young (516096K), 8 survivors (16384K)
 Metaspace       used 131989K, committed 132992K, reserved 1179648K
  class space    used 18105K, committed 18624K, reserved 1048576K
}
Event: 165.753 GC heap after
{Heap after GC invocations=106 (full 0):
 garbage-first heap   total 1005568K, used 398610K [0x0000000700000000, 0x0000000800000000)
  region size 2048K, 22 young (45056K), 22 survivors (45056K)
 Metaspace       used 131989K, committed 132992K, reserved 1179648K
  class space    used 18105K, committed 18624K, reserved 1048576K
}
Event: 167.727 GC heap before
{Heap before GC invocations=106 (full 0):
 garbage-first heap   total 1005568K, used 857362K [0x0000000700000000, 0x0000000800000000)
  region size 2048K, 244 young (499712K), 22 survivors (45056K)
 Metaspace       used 132101K, committed 133120K, reserved 1179648K
  class space    used 18118K, committed 18624K, reserved 1048576K
}
Event: 167.805 GC heap after
{Heap after GC invocations=107 (full 0):
 garbage-first heap   total 1005568K, used 409508K [0x0000000700000000, 0x0000000800000000)
  region size 2048K, 18 young (36864K), 18 survivors (36864K)
 Metaspace       used 132101K, committed 133120K, reserved 1179648K
  class space    used 18118K, committed 18624K, reserved 1048576K
}
Event: 169.120 GC heap before
{Heap before GC invocations=107 (full 0):
 garbage-first heap   total 1005568K, used 860068K [0x0000000700000000, 0x0000000800000000)
  region size 2048K, 234 young (479232K), 18 survivors (36864K)
 Metaspace       used 132245K, committed 133184K, reserved 1179648K
  class space    used 18136K, committed 18624K, reserved 1048576K
}
Event: 169.173 GC heap after
{Heap after GC invocations=108 (full 0):
 garbage-first heap   total 1005568K, used 412992K [0x0000000700000000, 0x0000000800000000)
  region size 2048K, 12 young (24576K), 12 survivors (24576K)
 Metaspace       used 132245K, committed 133184K, reserved 1179648K
  class space    used 18136K, committed 18624K, reserved 1048576K
}
Event: 170.382 GC heap before
{Heap before GC invocations=108 (full 0):
 garbage-first heap   total 1005568K, used 849216K [0x0000000700000000, 0x0000000800000000)
  region size 2048K, 226 young (462848K), 12 survivors (24576K)
 Metaspace       used 132447K, committed 133376K, reserved 1179648K
  class space    used 18165K, committed 18624K, reserved 1048576K
}

